<?xml version="1.0" encoding="UTF-8"?>
<testsuite name="com.fabiopereira.admin.catalogo.domain.CategoryTest" tests="1" skipped="0" failures="0" errors="0" timestamp="2023-03-20T14:47:53" hostname="pop-os" time="0.014">
  <properties/>
  <testcase name="testeNewCategory()" classname="com.fabiopereira.admin.catalogo.domain.CategoryTest" time="0.014"/>
  <system-out><![CDATA[]]></system-out>
  <system-err><![CDATA[]]></system-err>
</testsuite>
